{
  "Cucumber Features": {
    "coverage": {
      "/home/ubuntu/environment/hw-acceptance-unit-test-cycle/rottenpotatoes/app/models/movie.rb": {
        "lines": [
          1,
          1,
          13,
          null,
          null
        ]
      },
      "/home/ubuntu/environment/hw-acceptance-unit-test-cycle/rottenpotatoes/app/controllers/movies_controller.rb": {
        "lines": [
          1,
          null,
          1,
          1,
          null,
          null,
          1,
          3,
          3,
          null,
          null,
          null,
          1,
          13,
          13,
          null,
          2,
          null,
          2,
          null,
          13,
          13,
          null,
          13,
          30,
          null,
          null,
          13,
          4,
          4,
          4,
          null,
          9,
          null,
          null,
          1,
          null,
          null,
          null,
          1,
          0,
          0,
          0,
          null,
          null,
          1,
          1,
          null,
          null,
          1,
          1,
          1,
          1,
          1,
          null,
          null,
          1,
          0,
          0,
          0,
          0,
          null,
          null,
          1,
          2,
          null,
          2,
          1,
          1,
          null,
          null,
          2,
          null,
          null,
          null
        ]
      },
      "/home/ubuntu/environment/hw-acceptance-unit-test-cycle/rottenpotatoes/app/controllers/application_controller.rb": {
        "lines": [
          1,
          1,
          null
        ]
      },
      "/home/ubuntu/environment/hw-acceptance-unit-test-cycle/rottenpotatoes/app/helpers/application_helper.rb": {
        "lines": [
          1,
          null
        ]
      },
      "/home/ubuntu/environment/hw-acceptance-unit-test-cycle/rottenpotatoes/app/helpers/movies_helper.rb": {
        "lines": [
          1,
          null,
          1,
          0,
          null,
          null
        ]
      }
    },
    "timestamp": 1602718849
  },
  "RSpec": {
    "coverage": {
      "/home/ubuntu/environment/hw-acceptance-unit-test-cycle/rottenpotatoes/app/controllers/movies_controller.rb": {
        "lines": [
          1,
          null,
          1,
          1,
          null,
          null,
          1,
          0,
          0,
          null,
          null,
          null,
          1,
          0,
          0,
          null,
          0,
          null,
          0,
          null,
          0,
          0,
          null,
          0,
          0,
          null,
          null,
          0,
          0,
          0,
          0,
          null,
          0,
          null,
          null,
          1,
          null,
          null,
          null,
          1,
          1,
          1,
          1,
          null,
          null,
          1,
          0,
          null,
          null,
          1,
          0,
          0,
          0,
          0,
          null,
          null,
          1,
          1,
          1,
          1,
          1,
          null,
          null,
          1,
          2,
          null,
          2,
          1,
          1,
          null,
          null,
          2,
          null,
          null,
          null
        ]
      },
      "/home/ubuntu/environment/hw-acceptance-unit-test-cycle/rottenpotatoes/app/controllers/application_controller.rb": {
        "lines": [
          1,
          1,
          null
        ]
      },
      "/home/ubuntu/environment/hw-acceptance-unit-test-cycle/rottenpotatoes/app/models/movie.rb": {
        "lines": [
          1,
          1,
          0,
          null,
          null
        ]
      },
      "/home/ubuntu/environment/hw-acceptance-unit-test-cycle/rottenpotatoes/app/helpers/movies_helper.rb": {
        "lines": [
          0,
          null,
          0,
          0,
          0,
          0
        ],
        "branches": {
        }
      },
      "/home/ubuntu/environment/hw-acceptance-unit-test-cycle/rottenpotatoes/app/helpers/application_helper.rb": {
        "lines": [
          0,
          0
        ],
        "branches": {
        }
      }
    },
    "timestamp": 1602718801
  }
}
